0 info it worked if it ends with ok
1 verbose cli [ 'node', '/usr/local/bin/npm', 'version', '0.1.0' ]
2 info using npm@2.1.11
3 info using node@v0.10.33
4 verbose node symlink /usr/local/bin/node
5 info git [ 'status', '--porcelain' ]
6 verbose stack Error: Git working directory not clean.
6 verbose stack M bower.json
6 verbose stack M gulp/paths.js
6 verbose stack M gulp/server.js
6 verbose stack D lib/_combo.styl
6 verbose stack D lib/_grid.styl
6 verbose stack D lib/_mixins.styl
6 verbose stack D lib/_reset.styl
6 verbose stack D lib/_stickyFooter.styl
6 verbose stack D lib/_variables.styl
6 verbose stack D lib/example.jade
6 verbose stack     at /usr/local/lib/node_modules/npm/lib/version.js:123:33
6 verbose stack     at ChildProcess.exithandler (child_process.js:646:7)
6 verbose stack     at ChildProcess.emit (events.js:98:17)
6 verbose stack     at maybeClose (child_process.js:756:16)
6 verbose stack     at Socket.<anonymous> (child_process.js:969:11)
6 verbose stack     at Socket.emit (events.js:95:17)
6 verbose stack     at Pipe.close (net.js:465:12)
7 verbose cwd /Users/themarkappleby/git/frontend-scaffolding
8 error Darwin 14.1.0
9 error argv "node" "/usr/local/bin/npm" "version" "0.1.0"
10 error node v0.10.33
11 error npm  v2.1.11
12 error Git working directory not clean.
12 error M bower.json
12 error M gulp/paths.js
12 error M gulp/server.js
12 error D lib/_combo.styl
12 error D lib/_grid.styl
12 error D lib/_mixins.styl
12 error D lib/_reset.styl
12 error D lib/_stickyFooter.styl
12 error D lib/_variables.styl
12 error D lib/example.jade
13 error If you need help, you may report this error at:
13 error     <http://github.com/npm/npm/issues>
14 verbose exit [ 1, true ]
